running egg_info
creating ../build/ros_serial_topic/ros_serial_topic.egg-info
writing ../build/ros_serial_topic/ros_serial_topic.egg-info/PKG-INFO
writing dependency_links to ../build/ros_serial_topic/ros_serial_topic.egg-info/dependency_links.txt
writing entry points to ../build/ros_serial_topic/ros_serial_topic.egg-info/entry_points.txt
writing requirements to ../build/ros_serial_topic/ros_serial_topic.egg-info/requires.txt
writing top-level names to ../build/ros_serial_topic/ros_serial_topic.egg-info/top_level.txt
writing manifest file '../build/ros_serial_topic/ros_serial_topic.egg-info/SOURCES.txt'
reading manifest file '../build/ros_serial_topic/ros_serial_topic.egg-info/SOURCES.txt'
adding license file 'LICENSE'
writing manifest file '../build/ros_serial_topic/ros_serial_topic.egg-info/SOURCES.txt'
running build
running build_py
creating /home/ros2/ros2_ws/src/build/ros_serial_topic/build
creating /home/ros2/ros2_ws/src/build/ros_serial_topic/build/lib
creating /home/ros2/ros2_ws/src/build/ros_serial_topic/build/lib/ros_serial_topic
copying ros_serial_topic/__init__.py -> /home/ros2/ros2_ws/src/build/ros_serial_topic/build/lib/ros_serial_topic
copying ros_serial_topic/ros_serial_topic_sub.py -> /home/ros2/ros2_ws/src/build/ros_serial_topic/build/lib/ros_serial_topic
copying ros_serial_topic/ros_serial_topic_pub.py -> /home/ros2/ros2_ws/src/build/ros_serial_topic/build/lib/ros_serial_topic
running install
running install_lib
creating /home/ros2/ros2_ws/src/install/ros_serial_topic/lib/python3.10/site-packages/ros_serial_topic
copying /home/ros2/ros2_ws/src/build/ros_serial_topic/build/lib/ros_serial_topic/__init__.py -> /home/ros2/ros2_ws/src/install/ros_serial_topic/lib/python3.10/site-packages/ros_serial_topic
copying /home/ros2/ros2_ws/src/build/ros_serial_topic/build/lib/ros_serial_topic/ros_serial_topic_sub.py -> /home/ros2/ros2_ws/src/install/ros_serial_topic/lib/python3.10/site-packages/ros_serial_topic
copying /home/ros2/ros2_ws/src/build/ros_serial_topic/build/lib/ros_serial_topic/ros_serial_topic_pub.py -> /home/ros2/ros2_ws/src/install/ros_serial_topic/lib/python3.10/site-packages/ros_serial_topic
byte-compiling /home/ros2/ros2_ws/src/install/ros_serial_topic/lib/python3.10/site-packages/ros_serial_topic/__init__.py to __init__.cpython-310.pyc
byte-compiling /home/ros2/ros2_ws/src/install/ros_serial_topic/lib/python3.10/site-packages/ros_serial_topic/ros_serial_topic_sub.py to ros_serial_topic_sub.cpython-310.pyc
byte-compiling /home/ros2/ros2_ws/src/install/ros_serial_topic/lib/python3.10/site-packages/ros_serial_topic/ros_serial_topic_pub.py to ros_serial_topic_pub.cpython-310.pyc
running install_data
creating /home/ros2/ros2_ws/src/install/ros_serial_topic/share/ament_index
creating /home/ros2/ros2_ws/src/install/ros_serial_topic/share/ament_index/resource_index
creating /home/ros2/ros2_ws/src/install/ros_serial_topic/share/ament_index/resource_index/packages
copying resource/ros_serial_topic -> /home/ros2/ros2_ws/src/install/ros_serial_topic/share/ament_index/resource_index/packages
copying package.xml -> /home/ros2/ros2_ws/src/install/ros_serial_topic/share/ros_serial_topic
running install_egg_info
Copying ../build/ros_serial_topic/ros_serial_topic.egg-info to /home/ros2/ros2_ws/src/install/ros_serial_topic/lib/python3.10/site-packages/ros_serial_topic-0.0.0-py3.10.egg-info
running install_scripts
Installing serial_pub script to /home/ros2/ros2_ws/src/install/ros_serial_topic/lib/ros_serial_topic
Installing serial_sub script to /home/ros2/ros2_ws/src/install/ros_serial_topic/lib/ros_serial_topic
writing list of installed files to '/home/ros2/ros2_ws/src/build/ros_serial_topic/install.log'
