[3.931s] Invoking command in '/home/ros2/ros2_ws/src/ros_serial_topic': PYTHONPATH=/home/ros2/ros2_ws/src/build/ros_serial_topic/prefix_override:/home/ros2/ros2_ws/src/install/ros_serial_topic/lib/python3.10/site-packages:${PYTHONPATH} /usr/bin/python3 setup.py egg_info --egg-base ../build/ros_serial_topic build --build-base /home/ros2/ros2_ws/src/build/ros_serial_topic/build install --record /home/ros2/ros2_ws/src/build/ros_serial_topic/install.log --single-version-externally-managed
[4.491s] running egg_info
[4.491s] creating ../build/ros_serial_topic/ros_serial_topic.egg-info
[4.493s] writing ../build/ros_serial_topic/ros_serial_topic.egg-info/PKG-INFO
[4.493s] writing dependency_links to ../build/ros_serial_topic/ros_serial_topic.egg-info/dependency_links.txt
[4.493s] writing entry points to ../build/ros_serial_topic/ros_serial_topic.egg-info/entry_points.txt
[4.493s] writing requirements to ../build/ros_serial_topic/ros_serial_topic.egg-info/requires.txt
[4.493s] writing top-level names to ../build/ros_serial_topic/ros_serial_topic.egg-info/top_level.txt
[4.493s] writing manifest file '../build/ros_serial_topic/ros_serial_topic.egg-info/SOURCES.txt'
[4.494s] reading manifest file '../build/ros_serial_topic/ros_serial_topic.egg-info/SOURCES.txt'
[4.494s] adding license file 'LICENSE'
[4.494s] writing manifest file '../build/ros_serial_topic/ros_serial_topic.egg-info/SOURCES.txt'
[4.494s] running build
[4.494s] running build_py
[4.494s] creating /home/ros2/ros2_ws/src/build/ros_serial_topic/build
[4.494s] creating /home/ros2/ros2_ws/src/build/ros_serial_topic/build/lib
[4.494s] creating /home/ros2/ros2_ws/src/build/ros_serial_topic/build/lib/ros_serial_topic
[4.494s] copying ros_serial_topic/__init__.py -> /home/ros2/ros2_ws/src/build/ros_serial_topic/build/lib/ros_serial_topic
[4.494s] copying ros_serial_topic/ros_serial_topic_sub.py -> /home/ros2/ros2_ws/src/build/ros_serial_topic/build/lib/ros_serial_topic
[4.494s] copying ros_serial_topic/ros_serial_topic_pub.py -> /home/ros2/ros2_ws/src/build/ros_serial_topic/build/lib/ros_serial_topic
[4.494s] running install
[4.505s] running install_lib
[4.511s] creating /home/ros2/ros2_ws/src/install/ros_serial_topic/lib/python3.10/site-packages/ros_serial_topic
[4.512s] /usr/lib/python3/dist-packages/setuptools/command/install.py:34: SetuptoolsDeprecationWarning: setup.py install is deprecated. Use build and pip and other standards-based tools.
[4.513s]   warnings.warn(
[4.515s] copying /home/ros2/ros2_ws/src/build/ros_serial_topic/build/lib/ros_serial_topic/__init__.py -> /home/ros2/ros2_ws/src/install/ros_serial_topic/lib/python3.10/site-packages/ros_serial_topic
[4.516s] copying /home/ros2/ros2_ws/src/build/ros_serial_topic/build/lib/ros_serial_topic/ros_serial_topic_sub.py -> /home/ros2/ros2_ws/src/install/ros_serial_topic/lib/python3.10/site-packages/ros_serial_topic
[4.516s] copying /home/ros2/ros2_ws/src/build/ros_serial_topic/build/lib/ros_serial_topic/ros_serial_topic_pub.py -> /home/ros2/ros2_ws/src/install/ros_serial_topic/lib/python3.10/site-packages/ros_serial_topic
[4.517s] byte-compiling /home/ros2/ros2_ws/src/install/ros_serial_topic/lib/python3.10/site-packages/ros_serial_topic/__init__.py to __init__.cpython-310.pyc
[4.517s] byte-compiling /home/ros2/ros2_ws/src/install/ros_serial_topic/lib/python3.10/site-packages/ros_serial_topic/ros_serial_topic_sub.py to ros_serial_topic_sub.cpython-310.pyc
[4.517s] byte-compiling /home/ros2/ros2_ws/src/install/ros_serial_topic/lib/python3.10/site-packages/ros_serial_topic/ros_serial_topic_pub.py to ros_serial_topic_pub.cpython-310.pyc
[4.518s] running install_data
[4.519s] creating /home/ros2/ros2_ws/src/install/ros_serial_topic/share/ament_index
[4.520s] creating /home/ros2/ros2_ws/src/install/ros_serial_topic/share/ament_index/resource_index
[4.520s] creating /home/ros2/ros2_ws/src/install/ros_serial_topic/share/ament_index/resource_index/packages
[4.520s] copying resource/ros_serial_topic -> /home/ros2/ros2_ws/src/install/ros_serial_topic/share/ament_index/resource_index/packages
[4.528s] copying package.xml -> /home/ros2/ros2_ws/src/install/ros_serial_topic/share/ros_serial_topic
[4.528s] running install_egg_info
[4.547s] Copying ../build/ros_serial_topic/ros_serial_topic.egg-info to /home/ros2/ros2_ws/src/install/ros_serial_topic/lib/python3.10/site-packages/ros_serial_topic-0.0.0-py3.10.egg-info
[4.549s] running install_scripts
[4.613s] Installing serial_pub script to /home/ros2/ros2_ws/src/install/ros_serial_topic/lib/ros_serial_topic
[4.614s] Installing serial_sub script to /home/ros2/ros2_ws/src/install/ros_serial_topic/lib/ros_serial_topic
[4.614s] writing list of installed files to '/home/ros2/ros2_ws/src/build/ros_serial_topic/install.log'
[5.429s] Invoked command in '/home/ros2/ros2_ws/src/ros_serial_topic' returned '0': PYTHONPATH=/home/ros2/ros2_ws/src/build/ros_serial_topic/prefix_override:/home/ros2/ros2_ws/src/install/ros_serial_topic/lib/python3.10/site-packages:${PYTHONPATH} /usr/bin/python3 setup.py egg_info --egg-base ../build/ros_serial_topic build --build-base /home/ros2/ros2_ws/src/build/ros_serial_topic/build install --record /home/ros2/ros2_ws/src/build/ros_serial_topic/install.log --single-version-externally-managed
