-- The C compiler identification is GNU 11.4.0
-- The CXX compiler identification is GNU 11.4.0
-- Detecting C compiler ABI info
-- Detecting C compiler ABI info - done
-- Check for working C compiler: /usr/bin/cc - skipped
-- Detecting C compile features
-- Detecting C compile features - done
-- Detecting CXX compiler ABI info
-- Detecting CXX compiler ABI info - done
-- Check for working CXX compiler: /usr/bin/c++ - skipped
-- Detecting CXX compile features
-- Detecting CXX compile features - done
-- Found ament_cmake: 1.3.8 (/opt/ros/humble/share/ament_cmake/cmake)
-- Found Python3: /usr/bin/python3 (found version "3.10.12") found components: Interpreter 
-- Found rclcpp: 16.0.8 (/opt/ros/humble/share/rclcpp/cmake)
-- Found rosidl_generator_c: 3.1.5 (/opt/ros/humble/share/rosidl_generator_c/cmake)
-- Found rosidl_adapter: 3.1.5 (/opt/ros/humble/share/rosidl_adapter/cmake)
-- Found rosidl_generator_cpp: 3.1.5 (/opt/ros/humble/share/rosidl_generator_cpp/cmake)
-- Using all available rosidl_typesupport_c: rosidl_typesupport_fastrtps_c;rosidl_typesupport_introspection_c
-- Using all available rosidl_typesupport_cpp: rosidl_typesupport_fastrtps_cpp;rosidl_typesupport_introspection_cpp
-- Found rmw_implementation_cmake: 6.1.1 (/opt/ros/humble/share/rmw_implementation_cmake/cmake)
-- Found rmw_fastrtps_cpp: 6.2.6 (/opt/ros/humble/share/rmw_fastrtps_cpp/cmake)
-- Found OpenSSL: /usr/lib/x86_64-linux-gnu/libcrypto.so (found version "3.0.2")  
-- Found FastRTPS: /opt/ros/humble/include  
-- Using RMW implementation 'rmw_fastrtps_cpp' as default
-- Looking for pthread.h
-- Looking for pthread.h - found
-- Performing Test CMAKE_HAVE_LIBC_PTHREAD
-- Performing Test CMAKE_HAVE_LIBC_PTHREAD - Success
-- Found Threads: TRUE  
-- Configuring done
-- Generating done
-- Build files have been written to: /home/ros2/ros2_ws/src/build/arduino_listen
[ 50%] [32mBuilding CXX object CMakeFiles/arduino_listen.dir/src/arduino_listen.cpp.o[0m
[100%] [32m[1mLinking CXX executable arduino_listen[0m
[100%] Built target arduino_listen
-- Install configuration: ""
-- Installing: /home/ros2/ros2_ws/src/install/arduino_listen/lib/arduino_listen/arduino_listen
-- Set runtime path of "/home/ros2/ros2_ws/src/install/arduino_listen/lib/arduino_listen/arduino_listen" to ""
-- Installing: /home/ros2/ros2_ws/src/install/arduino_listen/share/ament_index/resource_index/package_run_dependencies/arduino_listen
-- Installing: /home/ros2/ros2_ws/src/install/arduino_listen/share/ament_index/resource_index/parent_prefix_path/arduino_listen
-- Installing: /home/ros2/ros2_ws/src/install/arduino_listen/share/arduino_listen/environment/ament_prefix_path.sh
-- Installing: /home/ros2/ros2_ws/src/install/arduino_listen/share/arduino_listen/environment/ament_prefix_path.dsv
-- Installing: /home/ros2/ros2_ws/src/install/arduino_listen/share/arduino_listen/environment/path.sh
-- Installing: /home/ros2/ros2_ws/src/install/arduino_listen/share/arduino_listen/environment/path.dsv
-- Installing: /home/ros2/ros2_ws/src/install/arduino_listen/share/arduino_listen/local_setup.bash
-- Installing: /home/ros2/ros2_ws/src/install/arduino_listen/share/arduino_listen/local_setup.sh
-- Installing: /home/ros2/ros2_ws/src/install/arduino_listen/share/arduino_listen/local_setup.zsh
-- Installing: /home/ros2/ros2_ws/src/install/arduino_listen/share/arduino_listen/local_setup.dsv
-- Installing: /home/ros2/ros2_ws/src/install/arduino_listen/share/arduino_listen/package.dsv
-- Installing: /home/ros2/ros2_ws/src/install/arduino_listen/share/ament_index/resource_index/packages/arduino_listen
-- Installing: /home/ros2/ros2_ws/src/install/arduino_listen/share/arduino_listen/cmake/arduino_listenConfig.cmake
-- Installing: /home/ros2/ros2_ws/src/install/arduino_listen/share/arduino_listen/cmake/arduino_listenConfig-version.cmake
-- Installing: /home/ros2/ros2_ws/src/install/arduino_listen/share/arduino_listen/package.xml
