[2.232s] Invoking command in '/home/ros2/ros2_ws/src/build/ros_listner': CMAKE_PREFIX_PATH=${CMAKE_PREFIX_PATH}:/home/ros2/ros2_ws/install/ros_topic_py:/home/ros2/ros2_ws/install/ros_teleop_rx_py:/home/ros2/ros2_ws/install/ros_serial_topic:/home/ros2/ros2_ws/install/ros_cv:/home/ros2/ros2_ws/install/jdcobot_100_description:/home/ros2/ros2_ws/install/jdamr_ros2_2:/home/ros2/ros2_ws/install/jdamr_ros2_1:/opt/ros/humble /usr/bin/cmake /home/ros2/ros2_ws/src/ros_listner -DCMAKE_INSTALL_PREFIX=/home/ros2/ros2_ws/src/install/ros_listner
[2.874s] -- The C compiler identification is GNU 11.4.0
[2.875s] -- The CXX compiler identification is GNU 11.4.0
[2.875s] -- Detecting C compiler ABI info
[2.876s] -- Detecting C compiler ABI info - done
[2.876s] -- Check for working C compiler: /usr/bin/cc - skipped
[2.876s] -- Detecting C compile features
[2.876s] -- Detecting C compile features - done
[2.876s] -- Detecting CXX compiler ABI info
[2.876s] -- Detecting CXX compiler ABI info - done
[2.876s] -- Check for working CXX compiler: /usr/bin/c++ - skipped
[2.876s] -- Detecting CXX compile features
[2.877s] -- Detecting CXX compile features - done
[2.877s] -- Found ament_cmake: 1.3.8 (/opt/ros/humble/share/ament_cmake/cmake)
[3.170s] -- Found Python3: /usr/bin/python3 (found version "3.10.12") found components: Interpreter 
[3.473s] -- Found rclcpp: 16.0.8 (/opt/ros/humble/share/rclcpp/cmake)
[3.568s] -- Found rosidl_generator_c: 3.1.5 (/opt/ros/humble/share/rosidl_generator_c/cmake)
[3.596s] -- Found rosidl_adapter: 3.1.5 (/opt/ros/humble/share/rosidl_adapter/cmake)
[3.625s] -- Found rosidl_generator_cpp: 3.1.5 (/opt/ros/humble/share/rosidl_generator_cpp/cmake)
[3.626s] -- Using all available rosidl_typesupport_c: rosidl_typesupport_fastrtps_c;rosidl_typesupport_introspection_c
[3.688s] -- Using all available rosidl_typesupport_cpp: rosidl_typesupport_fastrtps_cpp;rosidl_typesupport_introspection_cpp
[3.929s] -- Found rmw_implementation_cmake: 6.1.1 (/opt/ros/humble/share/rmw_implementation_cmake/cmake)
[3.930s] -- Found rmw_fastrtps_cpp: 6.2.6 (/opt/ros/humble/share/rmw_fastrtps_cpp/cmake)
[4.208s] -- Found OpenSSL: /usr/lib/x86_64-linux-gnu/libcrypto.so (found version "3.0.2")  
[4.294s] -- Found FastRTPS: /opt/ros/humble/include  
[4.449s] -- Using RMW implementation 'rmw_fastrtps_cpp' as default
[4.457s] -- Looking for pthread.h
[4.701s] -- Looking for pthread.h - found
[4.702s] -- Performing Test CMAKE_HAVE_LIBC_PTHREAD
[5.020s] -- Performing Test CMAKE_HAVE_LIBC_PTHREAD - Success
[5.020s] -- Found Threads: TRUE  
[5.590s] -- Configuring done
[5.618s] -- Generating done
[5.619s] -- Build files have been written to: /home/ros2/ros2_ws/src/build/ros_listner
[6.294s] Invoked command in '/home/ros2/ros2_ws/src/build/ros_listner' returned '0': CMAKE_PREFIX_PATH=${CMAKE_PREFIX_PATH}:/home/ros2/ros2_ws/install/ros_topic_py:/home/ros2/ros2_ws/install/ros_teleop_rx_py:/home/ros2/ros2_ws/install/ros_serial_topic:/home/ros2/ros2_ws/install/ros_cv:/home/ros2/ros2_ws/install/jdcobot_100_description:/home/ros2/ros2_ws/install/jdamr_ros2_2:/home/ros2/ros2_ws/install/jdamr_ros2_1:/opt/ros/humble /usr/bin/cmake /home/ros2/ros2_ws/src/ros_listner -DCMAKE_INSTALL_PREFIX=/home/ros2/ros2_ws/src/install/ros_listner
[6.296s] Invoking command in '/home/ros2/ros2_ws/src/build/ros_listner': CMAKE_PREFIX_PATH=${CMAKE_PREFIX_PATH}:/home/ros2/ros2_ws/install/ros_topic_py:/home/ros2/ros2_ws/install/ros_teleop_rx_py:/home/ros2/ros2_ws/install/ros_serial_topic:/home/ros2/ros2_ws/install/ros_cv:/home/ros2/ros2_ws/install/jdcobot_100_description:/home/ros2/ros2_ws/install/jdamr_ros2_2:/home/ros2/ros2_ws/install/jdamr_ros2_1:/opt/ros/humble /usr/bin/cmake --build /home/ros2/ros2_ws/src/build/ros_listner -- -j10 -l10
[6.617s] [ 50%] [32mBuilding CXX object CMakeFiles/listner.dir/src/listner.cpp.o[0m
[28.427s] [100%] [32m[1mLinking CXX executable listner[0m
[29.592s] [100%] Built target listner
[29.650s] Invoked command in '/home/ros2/ros2_ws/src/build/ros_listner' returned '0': CMAKE_PREFIX_PATH=${CMAKE_PREFIX_PATH}:/home/ros2/ros2_ws/install/ros_topic_py:/home/ros2/ros2_ws/install/ros_teleop_rx_py:/home/ros2/ros2_ws/install/ros_serial_topic:/home/ros2/ros2_ws/install/ros_cv:/home/ros2/ros2_ws/install/jdcobot_100_description:/home/ros2/ros2_ws/install/jdamr_ros2_2:/home/ros2/ros2_ws/install/jdamr_ros2_1:/opt/ros/humble /usr/bin/cmake --build /home/ros2/ros2_ws/src/build/ros_listner -- -j10 -l10
[29.925s] Invoking command in '/home/ros2/ros2_ws/src/build/ros_listner': CMAKE_PREFIX_PATH=${CMAKE_PREFIX_PATH}:/home/ros2/ros2_ws/install/ros_topic_py:/home/ros2/ros2_ws/install/ros_teleop_rx_py:/home/ros2/ros2_ws/install/ros_serial_topic:/home/ros2/ros2_ws/install/ros_cv:/home/ros2/ros2_ws/install/jdcobot_100_description:/home/ros2/ros2_ws/install/jdamr_ros2_2:/home/ros2/ros2_ws/install/jdamr_ros2_1:/opt/ros/humble /usr/bin/cmake --install /home/ros2/ros2_ws/src/build/ros_listner
[29.959s] -- Install configuration: ""
[29.959s] -- Installing: /home/ros2/ros2_ws/src/install/ros_listner/lib/ros_listner/listner
[29.988s] -- Set runtime path of "/home/ros2/ros2_ws/src/install/ros_listner/lib/ros_listner/listner" to ""
[29.989s] -- Installing: /home/ros2/ros2_ws/src/install/ros_listner/share/ament_index/resource_index/package_run_dependencies/ros_listner
[29.990s] -- Installing: /home/ros2/ros2_ws/src/install/ros_listner/share/ament_index/resource_index/parent_prefix_path/ros_listner
[29.990s] -- Installing: /home/ros2/ros2_ws/src/install/ros_listner/share/ros_listner/environment/ament_prefix_path.sh
[29.991s] -- Installing: /home/ros2/ros2_ws/src/install/ros_listner/share/ros_listner/environment/ament_prefix_path.dsv
[29.994s] -- Installing: /home/ros2/ros2_ws/src/install/ros_listner/share/ros_listner/environment/path.sh
[29.996s] -- Installing: /home/ros2/ros2_ws/src/install/ros_listner/share/ros_listner/environment/path.dsv
[29.997s] -- Installing: /home/ros2/ros2_ws/src/install/ros_listner/share/ros_listner/local_setup.bash
[29.998s] -- Installing: /home/ros2/ros2_ws/src/install/ros_listner/share/ros_listner/local_setup.sh
[29.999s] -- Installing: /home/ros2/ros2_ws/src/install/ros_listner/share/ros_listner/local_setup.zsh
[29.999s] -- Installing: /home/ros2/ros2_ws/src/install/ros_listner/share/ros_listner/local_setup.dsv
[30.000s] -- Installing: /home/ros2/ros2_ws/src/install/ros_listner/share/ros_listner/package.dsv
[30.001s] -- Installing: /home/ros2/ros2_ws/src/install/ros_listner/share/ament_index/resource_index/packages/ros_listner
[30.002s] -- Installing: /home/ros2/ros2_ws/src/install/ros_listner/share/ros_listner/cmake/ros_listnerConfig.cmake
[30.003s] -- Installing: /home/ros2/ros2_ws/src/install/ros_listner/share/ros_listner/cmake/ros_listnerConfig-version.cmake
[30.005s] -- Installing: /home/ros2/ros2_ws/src/install/ros_listner/share/ros_listner/package.xml
[30.020s] Invoked command in '/home/ros2/ros2_ws/src/build/ros_listner' returned '0': CMAKE_PREFIX_PATH=${CMAKE_PREFIX_PATH}:/home/ros2/ros2_ws/install/ros_topic_py:/home/ros2/ros2_ws/install/ros_teleop_rx_py:/home/ros2/ros2_ws/install/ros_serial_topic:/home/ros2/ros2_ws/install/ros_cv:/home/ros2/ros2_ws/install/jdcobot_100_description:/home/ros2/ros2_ws/install/jdamr_ros2_2:/home/ros2/ros2_ws/install/jdamr_ros2_1:/opt/ros/humble /usr/bin/cmake --install /home/ros2/ros2_ws/src/build/ros_listner
