/home/ros2/ros2_ws/src/install/jdcobot_100_description/lib/python3.10/site-packages/jdcobot_100_description/test_ikpy.py
/home/ros2/ros2_ws/src/install/jdcobot_100_description/lib/python3.10/site-packages/jdcobot_100_description/__init__.py
/home/ros2/ros2_ws/src/install/jdcobot_100_description/lib/python3.10/site-packages/jdcobot_100_description/js_5_pub_test.py
/home/ros2/ros2_ws/src/install/jdcobot_100_description/lib/python3.10/site-packages/jdcobot_100_description/__pycache__/test_ikpy.cpython-310.pyc
/home/ros2/ros2_ws/src/install/jdcobot_100_description/lib/python3.10/site-packages/jdcobot_100_description/__pycache__/__init__.cpython-310.pyc
/home/ros2/ros2_ws/src/install/jdcobot_100_description/lib/python3.10/site-packages/jdcobot_100_description/__pycache__/js_5_pub_test.cpython-310.pyc
/home/ros2/ros2_ws/src/install/jdcobot_100_description/share/ament_index/resource_index/packages/jdcobot_100_description
/home/ros2/ros2_ws/src/install/jdcobot_100_description/share/jdcobot_100_description/package.xml
/home/ros2/ros2_ws/src/install/jdcobot_100_description/share/jdcobot_100_description/launch/display_launch.py
/home/ros2/ros2_ws/src/install/jdcobot_100_description/share/jdcobot_100_description/launch/gazebo_launch.py
/home/ros2/ros2_ws/src/install/jdcobot_100_description/share/jdcobot_100_description/launch/test_1_launch.py
/home/ros2/ros2_ws/src/install/jdcobot_100_description/share/jdcobot_100_description/urdf/jdcobot_100_description.urdf
/home/ros2/ros2_ws/src/install/jdcobot_100_description/share/jdcobot_100_description/urdf/jdcobot_100_description.csv
/home/ros2/ros2_ws/src/install/jdcobot_100_description/share/jdcobot_100_description/rviz/rviz_set.rviz
/home/ros2/ros2_ws/src/install/jdcobot_100_description/share/jdcobot_100_description/meshes/link_2.STL
/home/ros2/ros2_ws/src/install/jdcobot_100_description/share/jdcobot_100_description/meshes/link_4.STL
/home/ros2/ros2_ws/src/install/jdcobot_100_description/share/jdcobot_100_description/meshes/base_link.STL
/home/ros2/ros2_ws/src/install/jdcobot_100_description/share/jdcobot_100_description/meshes/link_1.STL
/home/ros2/ros2_ws/src/install/jdcobot_100_description/share/jdcobot_100_description/meshes/link_3.STL
/home/ros2/ros2_ws/src/install/jdcobot_100_description/lib/python3.10/site-packages/jdcobot_100_description-1.0.0-py3.10.egg-info/zip-safe
/home/ros2/ros2_ws/src/install/jdcobot_100_description/lib/python3.10/site-packages/jdcobot_100_description-1.0.0-py3.10.egg-info/dependency_links.txt
/home/ros2/ros2_ws/src/install/jdcobot_100_description/lib/python3.10/site-packages/jdcobot_100_description-1.0.0-py3.10.egg-info/PKG-INFO
/home/ros2/ros2_ws/src/install/jdcobot_100_description/lib/python3.10/site-packages/jdcobot_100_description-1.0.0-py3.10.egg-info/requires.txt
/home/ros2/ros2_ws/src/install/jdcobot_100_description/lib/python3.10/site-packages/jdcobot_100_description-1.0.0-py3.10.egg-info/top_level.txt
/home/ros2/ros2_ws/src/install/jdcobot_100_description/lib/python3.10/site-packages/jdcobot_100_description-1.0.0-py3.10.egg-info/entry_points.txt
/home/ros2/ros2_ws/src/install/jdcobot_100_description/lib/python3.10/site-packages/jdcobot_100_description-1.0.0-py3.10.egg-info/SOURCES.txt
/home/ros2/ros2_ws/src/install/jdcobot_100_description/lib/jdcobot_100_description/js_5_pub_test
