running egg_info
creating ../build/jdamr_ros2_1/jdamr_ros2_1.egg-info
writing ../build/jdamr_ros2_1/jdamr_ros2_1.egg-info/PKG-INFO
writing dependency_links to ../build/jdamr_ros2_1/jdamr_ros2_1.egg-info/dependency_links.txt
writing entry points to ../build/jdamr_ros2_1/jdamr_ros2_1.egg-info/entry_points.txt
writing requirements to ../build/jdamr_ros2_1/jdamr_ros2_1.egg-info/requires.txt
writing top-level names to ../build/jdamr_ros2_1/jdamr_ros2_1.egg-info/top_level.txt
writing manifest file '../build/jdamr_ros2_1/jdamr_ros2_1.egg-info/SOURCES.txt'
reading manifest file '../build/jdamr_ros2_1/jdamr_ros2_1.egg-info/SOURCES.txt'
adding license file 'LICENSE'
writing manifest file '../build/jdamr_ros2_1/jdamr_ros2_1.egg-info/SOURCES.txt'
running build
running build_py
creating /home/ros2/ros2_ws/src/build/jdamr_ros2_1/build
creating /home/ros2/ros2_ws/src/build/jdamr_ros2_1/build/lib
creating /home/ros2/ros2_ws/src/build/jdamr_ros2_1/build/lib/jdamr_ros2_1
copying jdamr_ros2_1/__init__.py -> /home/ros2/ros2_ws/src/build/jdamr_ros2_1/build/lib/jdamr_ros2_1
copying jdamr_ros2_1/jdamr_ros2_1.py -> /home/ros2/ros2_ws/src/build/jdamr_ros2_1/build/lib/jdamr_ros2_1
running install
running install_lib
creating /home/ros2/ros2_ws/src/install/jdamr_ros2_1/lib/python3.10/site-packages/jdamr_ros2_1
copying /home/ros2/ros2_ws/src/build/jdamr_ros2_1/build/lib/jdamr_ros2_1/__init__.py -> /home/ros2/ros2_ws/src/install/jdamr_ros2_1/lib/python3.10/site-packages/jdamr_ros2_1
copying /home/ros2/ros2_ws/src/build/jdamr_ros2_1/build/lib/jdamr_ros2_1/jdamr_ros2_1.py -> /home/ros2/ros2_ws/src/install/jdamr_ros2_1/lib/python3.10/site-packages/jdamr_ros2_1
byte-compiling /home/ros2/ros2_ws/src/install/jdamr_ros2_1/lib/python3.10/site-packages/jdamr_ros2_1/__init__.py to __init__.cpython-310.pyc
byte-compiling /home/ros2/ros2_ws/src/install/jdamr_ros2_1/lib/python3.10/site-packages/jdamr_ros2_1/jdamr_ros2_1.py to jdamr_ros2_1.cpython-310.pyc
running install_data
creating /home/ros2/ros2_ws/src/install/jdamr_ros2_1/share/ament_index
creating /home/ros2/ros2_ws/src/install/jdamr_ros2_1/share/ament_index/resource_index
creating /home/ros2/ros2_ws/src/install/jdamr_ros2_1/share/ament_index/resource_index/packages
copying resource/jdamr_ros2_1 -> /home/ros2/ros2_ws/src/install/jdamr_ros2_1/share/ament_index/resource_index/packages
copying package.xml -> /home/ros2/ros2_ws/src/install/jdamr_ros2_1/share/jdamr_ros2_1
running install_egg_info
Copying ../build/jdamr_ros2_1/jdamr_ros2_1.egg-info to /home/ros2/ros2_ws/src/install/jdamr_ros2_1/lib/python3.10/site-packages/jdamr_ros2_1-0.0.0-py3.10.egg-info
running install_scripts
Installing jdamr_ros2_1 script to /home/ros2/ros2_ws/src/install/jdamr_ros2_1/lib/jdamr_ros2_1
writing list of installed files to '/home/ros2/ros2_ws/src/build/jdamr_ros2_1/install.log'
/usr/lib/python3/dist-packages/setuptools/command/install.py:34: SetuptoolsDeprecationWarning: setup.py install is deprecated. Use build and pip and other standards-based tools.
  warnings.warn(
