[0.850s] Invoking command in '/home/ros2/ros2_ws/src/build/micro_ros_msgs': CMAKE_PREFIX_PATH=${CMAKE_PREFIX_PATH}:/home/ros2/ros2_ws/install/ros_topic_py:/home/ros2/ros2_ws/install/ros_teleop_rx_py:/home/ros2/ros2_ws/install/ros_serial_topic:/home/ros2/ros2_ws/install/ros_cv:/home/ros2/ros2_ws/install/jdcobot_100_description:/home/ros2/ros2_ws/install/jdamr_ros2_2:/home/ros2/ros2_ws/install/jdamr_ros2_1:/opt/ros/humble /usr/bin/cmake /home/ros2/ros2_ws/src/uros/micro_ros_msgs -DCMAKE_INSTALL_PREFIX=/home/ros2/ros2_ws/src/install/micro_ros_msgs
[3.439s] -- The C compiler identification is GNU 11.4.0
[3.439s] -- The CXX compiler identification is GNU 11.4.0
[3.439s] -- Detecting C compiler ABI info
[3.440s] -- Detecting C compiler ABI info - done
[3.440s] -- Check for working C compiler: /usr/bin/cc - skipped
[3.440s] -- Detecting C compile features
[3.440s] -- Detecting C compile features - done
[3.441s] -- Detecting CXX compiler ABI info
[3.442s] -- Detecting CXX compiler ABI info - done
[3.442s] -- Check for working CXX compiler: /usr/bin/c++ - skipped
[3.442s] -- Detecting CXX compile features
[3.442s] -- Detecting CXX compile features - done
[3.442s] -- Found ament_cmake: 1.3.8 (/opt/ros/humble/share/ament_cmake/cmake)
[3.442s] -- Found Python3: /usr/bin/python3 (found version "3.10.12") found components: Interpreter 
[3.442s] -- Found rosidl_default_generators: 1.2.0 (/opt/ros/humble/share/rosidl_default_generators/cmake)
[3.443s] -- Using all available rosidl_typesupport_c: rosidl_typesupport_fastrtps_c;rosidl_typesupport_introspection_c
[3.443s] -- Found rosidl_adapter: 3.1.5 (/opt/ros/humble/share/rosidl_adapter/cmake)
[3.443s] -- Using all available rosidl_typesupport_cpp: rosidl_typesupport_fastrtps_cpp;rosidl_typesupport_introspection_cpp
[3.443s] -- Found ament_lint_auto: 0.12.10 (/opt/ros/humble/share/ament_lint_auto/cmake)
[3.443s] -- Found ament_cmake_ros: 0.10.0 (/opt/ros/humble/share/ament_cmake_ros/cmake)
[3.443s] -- Using all available rosidl_typesupport_c: rosidl_typesupport_fastrtps_c;rosidl_typesupport_introspection_c
[4.110s] -- Using all available rosidl_typesupport_cpp: rosidl_typesupport_fastrtps_cpp;rosidl_typesupport_introspection_cpp
[4.189s] -- Found PythonInterp: /usr/bin/python3 (found suitable version "3.10.12", minimum required is "3.6") 
[4.212s] -- Found python_cmake_module: 0.10.0 (/opt/ros/humble/share/python_cmake_module/cmake)
[4.322s] -- Found PythonLibs: /usr/lib/x86_64-linux-gnu/libpython3.10.so (found suitable version "3.10.12", minimum required is "3.5") 
[4.323s] -- Using PYTHON_EXECUTABLE: /usr/bin/python3
[4.323s] -- Using PYTHON_INCLUDE_DIRS: /usr/include/python3.10
[4.323s] -- Using PYTHON_LIBRARIES: /usr/lib/x86_64-linux-gnu/libpython3.10.so
[4.387s] -- Found PythonExtra: .so  
[4.540s] -- Added test 'copyright' to check source files copyright and LICENSE
[4.564s] -- Added test 'lint_cmake' to check CMake code style
[4.564s] -- Added test 'xmllint' to check XML markup files
[4.605s] -- Configuring done
[4.689s] -- Generating done
[4.696s] -- Build files have been written to: /home/ros2/ros2_ws/src/build/micro_ros_msgs
[5.042s] Invoked command in '/home/ros2/ros2_ws/src/build/micro_ros_msgs' returned '0': CMAKE_PREFIX_PATH=${CMAKE_PREFIX_PATH}:/home/ros2/ros2_ws/install/ros_topic_py:/home/ros2/ros2_ws/install/ros_teleop_rx_py:/home/ros2/ros2_ws/install/ros_serial_topic:/home/ros2/ros2_ws/install/ros_cv:/home/ros2/ros2_ws/install/jdcobot_100_description:/home/ros2/ros2_ws/install/jdamr_ros2_2:/home/ros2/ros2_ws/install/jdamr_ros2_1:/opt/ros/humble /usr/bin/cmake /home/ros2/ros2_ws/src/uros/micro_ros_msgs -DCMAKE_INSTALL_PREFIX=/home/ros2/ros2_ws/src/install/micro_ros_msgs
[5.047s] Invoking command in '/home/ros2/ros2_ws/src/build/micro_ros_msgs': CMAKE_PREFIX_PATH=${CMAKE_PREFIX_PATH}:/home/ros2/ros2_ws/install/ros_topic_py:/home/ros2/ros2_ws/install/ros_teleop_rx_py:/home/ros2/ros2_ws/install/ros_serial_topic:/home/ros2/ros2_ws/install/ros_cv:/home/ros2/ros2_ws/install/jdcobot_100_description:/home/ros2/ros2_ws/install/jdamr_ros2_2:/home/ros2/ros2_ws/install/jdamr_ros2_1:/opt/ros/humble /usr/bin/cmake --build /home/ros2/ros2_ws/src/build/micro_ros_msgs -- -j10 -l10
[6.098s] [  2%] [34m[1mGenerating C code for ROS interfaces[0m
[6.098s] [  2%] Built target ament_cmake_python_copy_micro_ros_msgs
[6.099s] [  4%] [34m[1mGenerating C++ code for ROS interfaces[0m
[6.099s] running egg_info
[6.099s] creating micro_ros_msgs.egg-info
[6.099s] writing micro_ros_msgs.egg-info/PKG-INFO
[6.099s] writing dependency_links to micro_ros_msgs.egg-info/dependency_links.txt
[6.100s] writing top-level names to micro_ros_msgs.egg-info/top_level.txt
[6.100s] writing manifest file 'micro_ros_msgs.egg-info/SOURCES.txt'
[6.100s] reading manifest file 'micro_ros_msgs.egg-info/SOURCES.txt'
[6.100s] writing manifest file 'micro_ros_msgs.egg-info/SOURCES.txt'
[6.100s] [  4%] Built target ament_cmake_python_build_micro_ros_msgs_egg
[6.249s] [  4%] Built target micro_ros_msgs__cpp
[6.282s] [  6%] [34m[1mGenerating C++ introspection for ROS interfaces[0m
[6.287s] [  8%] [34m[1mGenerating C++ type support for eProsima Fast-RTPS[0m
[6.308s] [ 10%] [34m[1mGenerating C++ type support dispatch for ROS interfaces[0m
[6.356s] [ 12%] [32mBuilding C object CMakeFiles/micro_ros_msgs__rosidl_generator_c.dir/rosidl_generator_c/micro_ros_msgs/msg/detail/graph__functions.c.o[0m
[6.356s] [ 14%] [32mBuilding C object CMakeFiles/micro_ros_msgs__rosidl_generator_c.dir/rosidl_generator_c/micro_ros_msgs/msg/detail/node__functions.c.o[0m
[6.357s] [ 17%] [32mBuilding C object CMakeFiles/micro_ros_msgs__rosidl_generator_c.dir/rosidl_generator_c/micro_ros_msgs/msg/detail/entity__functions.c.o[0m
[6.471s] [ 19%] [32m[1mLinking C shared library libmicro_ros_msgs__rosidl_generator_c.so[0m
[6.586s] [ 19%] Built target micro_ros_msgs__rosidl_generator_c
[6.612s] [ 21%] [34m[1mGenerating C type support for eProsima Fast-RTPS[0m
[6.613s] [ 25%] [34m[1mGenerating C type support dispatch for ROS interfaces[0m
[6.613s] [ 25%] [34m[1mGenerating C introspection for ROS interfaces[0m
[6.987s] [ 27%] [32mBuilding CXX object CMakeFiles/micro_ros_msgs__rosidl_typesupport_introspection_cpp.dir/rosidl_typesupport_introspection_cpp/micro_ros_msgs/msg/detail/node__type_support.cpp.o[0m
[7.000s] [ 29%] [32mBuilding CXX object CMakeFiles/micro_ros_msgs__rosidl_typesupport_introspection_cpp.dir/rosidl_typesupport_introspection_cpp/micro_ros_msgs/msg/detail/graph__type_support.cpp.o[0m
[7.014s] [ 31%] [32mBuilding CXX object CMakeFiles/micro_ros_msgs__rosidl_typesupport_introspection_cpp.dir/rosidl_typesupport_introspection_cpp/micro_ros_msgs/msg/detail/entity__type_support.cpp.o[0m
[7.070s] [ 34%] [32mBuilding CXX object CMakeFiles/micro_ros_msgs__rosidl_typesupport_cpp.dir/rosidl_typesupport_cpp/micro_ros_msgs/msg/graph__type_support.cpp.o[0m
[7.076s] [ 36%] [32mBuilding CXX object CMakeFiles/micro_ros_msgs__rosidl_typesupport_cpp.dir/rosidl_typesupport_cpp/micro_ros_msgs/msg/entity__type_support.cpp.o[0m
[7.079s] [ 38%] [32mBuilding CXX object CMakeFiles/micro_ros_msgs__rosidl_typesupport_cpp.dir/rosidl_typesupport_cpp/micro_ros_msgs/msg/node__type_support.cpp.o[0m
[7.244s] [ 40%] [32mBuilding CXX object CMakeFiles/micro_ros_msgs__rosidl_typesupport_fastrtps_cpp.dir/rosidl_typesupport_fastrtps_cpp/micro_ros_msgs/msg/detail/dds_fastrtps/graph__type_support.cpp.o[0m
[7.692s] [ 42%] [32mBuilding CXX object CMakeFiles/micro_ros_msgs__rosidl_typesupport_c.dir/rosidl_typesupport_c/micro_ros_msgs/msg/graph__type_support.cpp.o[0m
[8.064s] [ 44%] [32mBuilding CXX object CMakeFiles/micro_ros_msgs__rosidl_typesupport_c.dir/rosidl_typesupport_c/micro_ros_msgs/msg/node__type_support.cpp.o[0m
[8.169s] [ 46%] [32mBuilding CXX object CMakeFiles/micro_ros_msgs__rosidl_typesupport_fastrtps_c.dir/rosidl_typesupport_fastrtps_c/micro_ros_msgs/msg/detail/graph__type_support_c.cpp.o[0m
[8.235s] [ 48%] [32mBuilding CXX object CMakeFiles/micro_ros_msgs__rosidl_typesupport_c.dir/rosidl_typesupport_c/micro_ros_msgs/msg/entity__type_support.cpp.o[0m
[8.273s] [ 51%] [32mBuilding CXX object CMakeFiles/micro_ros_msgs__rosidl_typesupport_fastrtps_cpp.dir/rosidl_typesupport_fastrtps_cpp/micro_ros_msgs/msg/detail/dds_fastrtps/node__type_support.cpp.o[0m
[8.304s] [ 53%] [32mBuilding C object CMakeFiles/micro_ros_msgs__rosidl_typesupport_introspection_c.dir/rosidl_typesupport_introspection_c/micro_ros_msgs/msg/detail/graph__type_support.c.o[0m
[8.412s] [ 55%] [32m[1mLinking CXX shared library libmicro_ros_msgs__rosidl_typesupport_c.so[0m
[8.555s] [ 57%] [32mBuilding C object CMakeFiles/micro_ros_msgs__rosidl_typesupport_introspection_c.dir/rosidl_typesupport_introspection_c/micro_ros_msgs/msg/detail/node__type_support.c.o[0m
[8.639s] [ 59%] [32mBuilding C object CMakeFiles/micro_ros_msgs__rosidl_typesupport_introspection_c.dir/rosidl_typesupport_introspection_c/micro_ros_msgs/msg/detail/entity__type_support.c.o[0m
[8.668s] [ 61%] [32m[1mLinking CXX shared library libmicro_ros_msgs__rosidl_typesupport_cpp.so[0m
[8.716s] [ 63%] [32mBuilding CXX object CMakeFiles/micro_ros_msgs__rosidl_typesupport_fastrtps_cpp.dir/rosidl_typesupport_fastrtps_cpp/micro_ros_msgs/msg/detail/dds_fastrtps/entity__type_support.cpp.o[0m
[8.744s] [ 63%] Built target micro_ros_msgs__rosidl_typesupport_c
[8.765s] [ 65%] [32mBuilding CXX object CMakeFiles/micro_ros_msgs__rosidl_typesupport_fastrtps_c.dir/rosidl_typesupport_fastrtps_c/micro_ros_msgs/msg/detail/node__type_support_c.cpp.o[0m
[8.896s] [ 68%] [32m[1mLinking C shared library libmicro_ros_msgs__rosidl_typesupport_introspection_c.so[0m
[9.004s] [ 68%] Built target micro_ros_msgs__rosidl_typesupport_cpp
[9.062s] [ 70%] [32mBuilding CXX object CMakeFiles/micro_ros_msgs__rosidl_typesupport_fastrtps_c.dir/rosidl_typesupport_fastrtps_c/micro_ros_msgs/msg/detail/entity__type_support_c.cpp.o[0m
[9.193s] [ 70%] Built target micro_ros_msgs__rosidl_typesupport_introspection_c
[9.955s] [ 72%] [32m[1mLinking CXX shared library libmicro_ros_msgs__rosidl_typesupport_introspection_cpp.so[0m
[10.076s] [ 74%] [32m[1mLinking CXX shared library libmicro_ros_msgs__rosidl_typesupport_fastrtps_c.so[0m
[10.189s] [ 74%] Built target micro_ros_msgs__rosidl_typesupport_introspection_cpp
[10.261s] [ 74%] Built target micro_ros_msgs__rosidl_typesupport_fastrtps_c
[10.359s] [ 76%] [32m[1mLinking CXX shared library libmicro_ros_msgs__rosidl_typesupport_fastrtps_cpp.so[0m
[10.578s] [ 76%] Built target micro_ros_msgs__rosidl_typesupport_fastrtps_cpp
[10.620s] [ 76%] Built target micro_ros_msgs
[10.671s] [ 78%] [34m[1mGenerating Python code for ROS interfaces[0m
[11.849s] [ 78%] Built target micro_ros_msgs__py
[11.902s] [ 80%] [32mBuilding C object CMakeFiles/micro_ros_msgs__rosidl_generator_py.dir/rosidl_generator_py/micro_ros_msgs/msg/_graph_s.c.o[0m
[11.905s] [ 82%] [32mBuilding C object CMakeFiles/micro_ros_msgs__rosidl_generator_py.dir/rosidl_generator_py/micro_ros_msgs/msg/_entity_s.c.o[0m
[11.908s] [ 85%] [32mBuilding C object CMakeFiles/micro_ros_msgs__rosidl_generator_py.dir/rosidl_generator_py/micro_ros_msgs/msg/_node_s.c.o[0m
[12.421s] [ 87%] [32m[1mLinking C shared library rosidl_generator_py/micro_ros_msgs/libmicro_ros_msgs__rosidl_generator_py.so[0m
[12.511s] [ 87%] Built target micro_ros_msgs__rosidl_generator_py
[12.549s] [ 89%] [32mBuilding C object CMakeFiles/micro_ros_msgs__rosidl_typesupport_fastrtps_c__pyext.dir/rosidl_generator_py/micro_ros_msgs/_micro_ros_msgs_s.ep.rosidl_typesupport_fastrtps_c.c.o[0m
[12.556s] [ 91%] [32mBuilding C object CMakeFiles/micro_ros_msgs__rosidl_typesupport_c__pyext.dir/rosidl_generator_py/micro_ros_msgs/_micro_ros_msgs_s.ep.rosidl_typesupport_c.c.o[0m
[12.557s] [ 93%] [32mBuilding C object CMakeFiles/micro_ros_msgs__rosidl_typesupport_introspection_c__pyext.dir/rosidl_generator_py/micro_ros_msgs/_micro_ros_msgs_s.ep.rosidl_typesupport_introspection_c.c.o[0m
[12.861s] [ 95%] [32m[1mLinking C shared library rosidl_generator_py/micro_ros_msgs/micro_ros_msgs_s__rosidl_typesupport_c.cpython-310-x86_64-linux-gnu.so[0m
[12.869s] [ 97%] [32m[1mLinking C shared library rosidl_generator_py/micro_ros_msgs/micro_ros_msgs_s__rosidl_typesupport_fastrtps_c.cpython-310-x86_64-linux-gnu.so[0m
[12.877s] [100%] [32m[1mLinking C shared library rosidl_generator_py/micro_ros_msgs/micro_ros_msgs_s__rosidl_typesupport_introspection_c.cpython-310-x86_64-linux-gnu.so[0m
[12.931s] [100%] Built target micro_ros_msgs__rosidl_typesupport_c__pyext
[12.935s] [100%] Built target micro_ros_msgs__rosidl_typesupport_fastrtps_c__pyext
[12.951s] [100%] Built target micro_ros_msgs__rosidl_typesupport_introspection_c__pyext
[12.979s] Invoked command in '/home/ros2/ros2_ws/src/build/micro_ros_msgs' returned '0': CMAKE_PREFIX_PATH=${CMAKE_PREFIX_PATH}:/home/ros2/ros2_ws/install/ros_topic_py:/home/ros2/ros2_ws/install/ros_teleop_rx_py:/home/ros2/ros2_ws/install/ros_serial_topic:/home/ros2/ros2_ws/install/ros_cv:/home/ros2/ros2_ws/install/jdcobot_100_description:/home/ros2/ros2_ws/install/jdamr_ros2_2:/home/ros2/ros2_ws/install/jdamr_ros2_1:/opt/ros/humble /usr/bin/cmake --build /home/ros2/ros2_ws/src/build/micro_ros_msgs -- -j10 -l10
[13.209s] Invoking command in '/home/ros2/ros2_ws/src/build/micro_ros_msgs': CMAKE_PREFIX_PATH=${CMAKE_PREFIX_PATH}:/home/ros2/ros2_ws/install/ros_topic_py:/home/ros2/ros2_ws/install/ros_teleop_rx_py:/home/ros2/ros2_ws/install/ros_serial_topic:/home/ros2/ros2_ws/install/ros_cv:/home/ros2/ros2_ws/install/jdcobot_100_description:/home/ros2/ros2_ws/install/jdamr_ros2_2:/home/ros2/ros2_ws/install/jdamr_ros2_1:/opt/ros/humble /usr/bin/cmake --install /home/ros2/ros2_ws/src/build/micro_ros_msgs
[13.225s] -- Install configuration: ""
[13.226s] -- Installing: /home/ros2/ros2_ws/src/install/micro_ros_msgs/share/ament_index/resource_index/rosidl_interfaces/micro_ros_msgs
[13.226s] -- Installing: /home/ros2/ros2_ws/src/install/micro_ros_msgs/include/micro_ros_msgs/micro_ros_msgs
[13.227s] -- Installing: /home/ros2/ros2_ws/src/install/micro_ros_msgs/include/micro_ros_msgs/micro_ros_msgs/msg
[13.227s] -- Installing: /home/ros2/ros2_ws/src/install/micro_ros_msgs/include/micro_ros_msgs/micro_ros_msgs/msg/detail
[13.228s] -- Installing: /home/ros2/ros2_ws/src/install/micro_ros_msgs/include/micro_ros_msgs/micro_ros_msgs/msg/detail/graph__functions.c
[13.229s] -- Installing: /home/ros2/ros2_ws/src/install/micro_ros_msgs/include/micro_ros_msgs/micro_ros_msgs/msg/detail/entity__type_support.h
[13.229s] -- Installing: /home/ros2/ros2_ws/src/install/micro_ros_msgs/include/micro_ros_msgs/micro_ros_msgs/msg/detail/entity__functions.h
[13.230s] -- Installing: /home/ros2/ros2_ws/src/install/micro_ros_msgs/include/micro_ros_msgs/micro_ros_msgs/msg/detail/graph__functions.h
[13.231s] -- Installing: /home/ros2/ros2_ws/src/install/micro_ros_msgs/include/micro_ros_msgs/micro_ros_msgs/msg/detail/entity__struct.h
[13.233s] -- Installing: /home/ros2/ros2_ws/src/install/micro_ros_msgs/include/micro_ros_msgs/micro_ros_msgs/msg/detail/entity__functions.c
[13.233s] -- Installing: /home/ros2/ros2_ws/src/install/micro_ros_msgs/include/micro_ros_msgs/micro_ros_msgs/msg/detail/node__struct.h
[13.233s] -- Installing: /home/ros2/ros2_ws/src/install/micro_ros_msgs/include/micro_ros_msgs/micro_ros_msgs/msg/detail/node__functions.c
[13.234s] -- Installing: /home/ros2/ros2_ws/src/install/micro_ros_msgs/include/micro_ros_msgs/micro_ros_msgs/msg/detail/node__type_support.h
[13.234s] -- Installing: /home/ros2/ros2_ws/src/install/micro_ros_msgs/include/micro_ros_msgs/micro_ros_msgs/msg/detail/graph__type_support.h
[13.235s] -- Installing: /home/ros2/ros2_ws/src/install/micro_ros_msgs/include/micro_ros_msgs/micro_ros_msgs/msg/detail/node__functions.h
[13.235s] -- Installing: /home/ros2/ros2_ws/src/install/micro_ros_msgs/include/micro_ros_msgs/micro_ros_msgs/msg/detail/graph__struct.h
[13.239s] -- Installing: /home/ros2/ros2_ws/src/install/micro_ros_msgs/include/micro_ros_msgs/micro_ros_msgs/msg/rosidl_generator_c__visibility_control.h
[13.240s] -- Installing: /home/ros2/ros2_ws/src/install/micro_ros_msgs/include/micro_ros_msgs/micro_ros_msgs/msg/node.h
[13.241s] -- Installing: /home/ros2/ros2_ws/src/install/micro_ros_msgs/include/micro_ros_msgs/micro_ros_msgs/msg/entity.h
[13.241s] -- Installing: /home/ros2/ros2_ws/src/install/micro_ros_msgs/include/micro_ros_msgs/micro_ros_msgs/msg/graph.h
[13.242s] -- Installing: /home/ros2/ros2_ws/src/install/micro_ros_msgs/share/micro_ros_msgs/environment/library_path.sh
[13.243s] -- Installing: /home/ros2/ros2_ws/src/install/micro_ros_msgs/share/micro_ros_msgs/environment/library_path.dsv
[13.243s] -- Installing: /home/ros2/ros2_ws/src/install/micro_ros_msgs/lib/libmicro_ros_msgs__rosidl_generator_c.so
[13.244s] -- Set runtime path of "/home/ros2/ros2_ws/src/install/micro_ros_msgs/lib/libmicro_ros_msgs__rosidl_generator_c.so" to ""
[13.244s] -- Up-to-date: /home/ros2/ros2_ws/src/install/micro_ros_msgs/include/micro_ros_msgs/micro_ros_msgs
[13.245s] -- Up-to-date: /home/ros2/ros2_ws/src/install/micro_ros_msgs/include/micro_ros_msgs/micro_ros_msgs/msg
[13.245s] -- Up-to-date: /home/ros2/ros2_ws/src/install/micro_ros_msgs/include/micro_ros_msgs/micro_ros_msgs/msg/detail
[13.246s] -- Installing: /home/ros2/ros2_ws/src/install/micro_ros_msgs/include/micro_ros_msgs/micro_ros_msgs/msg/detail/node__rosidl_typesupport_fastrtps_c.h
[13.246s] -- Installing: /home/ros2/ros2_ws/src/install/micro_ros_msgs/include/micro_ros_msgs/micro_ros_msgs/msg/detail/entity__rosidl_typesupport_fastrtps_c.h
[13.249s] -- Installing: /home/ros2/ros2_ws/src/install/micro_ros_msgs/include/micro_ros_msgs/micro_ros_msgs/msg/detail/graph__rosidl_typesupport_fastrtps_c.h
[13.250s] -- Installing: /home/ros2/ros2_ws/src/install/micro_ros_msgs/include/micro_ros_msgs/micro_ros_msgs/msg/rosidl_typesupport_fastrtps_c__visibility_control.h
[13.251s] -- Installing: /home/ros2/ros2_ws/src/install/micro_ros_msgs/lib/libmicro_ros_msgs__rosidl_typesupport_fastrtps_c.so
[13.252s] -- Set runtime path of "/home/ros2/ros2_ws/src/install/micro_ros_msgs/lib/libmicro_ros_msgs__rosidl_typesupport_fastrtps_c.so" to ""
[13.253s] -- Up-to-date: /home/ros2/ros2_ws/src/install/micro_ros_msgs/include/micro_ros_msgs/micro_ros_msgs
[13.253s] -- Up-to-date: /home/ros2/ros2_ws/src/install/micro_ros_msgs/include/micro_ros_msgs/micro_ros_msgs/msg
[13.254s] -- Up-to-date: /home/ros2/ros2_ws/src/install/micro_ros_msgs/include/micro_ros_msgs/micro_ros_msgs/msg/detail
[13.255s] -- Installing: /home/ros2/ros2_ws/src/install/micro_ros_msgs/include/micro_ros_msgs/micro_ros_msgs/msg/detail/node__type_support.c
[13.256s] -- Installing: /home/ros2/ros2_ws/src/install/micro_ros_msgs/include/micro_ros_msgs/micro_ros_msgs/msg/detail/entity__rosidl_typesupport_introspection_c.h
[13.257s] -- Installing: /home/ros2/ros2_ws/src/install/micro_ros_msgs/include/micro_ros_msgs/micro_ros_msgs/msg/detail/graph__rosidl_typesupport_introspection_c.h
[13.258s] -- Installing: /home/ros2/ros2_ws/src/install/micro_ros_msgs/include/micro_ros_msgs/micro_ros_msgs/msg/detail/node__rosidl_typesupport_introspection_c.h
[13.258s] -- Installing: /home/ros2/ros2_ws/src/install/micro_ros_msgs/include/micro_ros_msgs/micro_ros_msgs/msg/detail/graph__type_support.c
[13.259s] -- Installing: /home/ros2/ros2_ws/src/install/micro_ros_msgs/include/micro_ros_msgs/micro_ros_msgs/msg/detail/entity__type_support.c
[13.262s] -- Installing: /home/ros2/ros2_ws/src/install/micro_ros_msgs/include/micro_ros_msgs/micro_ros_msgs/msg/rosidl_typesupport_introspection_c__visibility_control.h
[13.263s] -- Installing: /home/ros2/ros2_ws/src/install/micro_ros_msgs/lib/libmicro_ros_msgs__rosidl_typesupport_introspection_c.so
[13.263s] -- Set runtime path of "/home/ros2/ros2_ws/src/install/micro_ros_msgs/lib/libmicro_ros_msgs__rosidl_typesupport_introspection_c.so" to ""
[13.264s] -- Installing: /home/ros2/ros2_ws/src/install/micro_ros_msgs/lib/libmicro_ros_msgs__rosidl_typesupport_c.so
[13.264s] -- Set runtime path of "/home/ros2/ros2_ws/src/install/micro_ros_msgs/lib/libmicro_ros_msgs__rosidl_typesupport_c.so" to ""
[13.265s] -- Up-to-date: /home/ros2/ros2_ws/src/install/micro_ros_msgs/include/micro_ros_msgs/micro_ros_msgs
[13.265s] -- Up-to-date: /home/ros2/ros2_ws/src/install/micro_ros_msgs/include/micro_ros_msgs/micro_ros_msgs/msg
[13.265s] -- Up-to-date: /home/ros2/ros2_ws/src/install/micro_ros_msgs/include/micro_ros_msgs/micro_ros_msgs/msg/detail
[13.266s] -- Installing: /home/ros2/ros2_ws/src/install/micro_ros_msgs/include/micro_ros_msgs/micro_ros_msgs/msg/detail/graph__traits.hpp
[13.266s] -- Installing: /home/ros2/ros2_ws/src/install/micro_ros_msgs/include/micro_ros_msgs/micro_ros_msgs/msg/detail/entity__struct.hpp
[13.266s] -- Installing: /home/ros2/ros2_ws/src/install/micro_ros_msgs/include/micro_ros_msgs/micro_ros_msgs/msg/detail/entity__traits.hpp
[13.267s] -- Installing: /home/ros2/ros2_ws/src/install/micro_ros_msgs/include/micro_ros_msgs/micro_ros_msgs/msg/detail/node__struct.hpp
[13.267s] -- Installing: /home/ros2/ros2_ws/src/install/micro_ros_msgs/include/micro_ros_msgs/micro_ros_msgs/msg/detail/node__traits.hpp
[13.267s] -- Installing: /home/ros2/ros2_ws/src/install/micro_ros_msgs/include/micro_ros_msgs/micro_ros_msgs/msg/detail/entity__builder.hpp
[13.268s] -- Installing: /home/ros2/ros2_ws/src/install/micro_ros_msgs/include/micro_ros_msgs/micro_ros_msgs/msg/detail/graph__builder.hpp
[13.268s] -- Installing: /home/ros2/ros2_ws/src/install/micro_ros_msgs/include/micro_ros_msgs/micro_ros_msgs/msg/detail/graph__struct.hpp
[13.268s] -- Installing: /home/ros2/ros2_ws/src/install/micro_ros_msgs/include/micro_ros_msgs/micro_ros_msgs/msg/detail/node__builder.hpp
[13.268s] -- Installing: /home/ros2/ros2_ws/src/install/micro_ros_msgs/include/micro_ros_msgs/micro_ros_msgs/msg/node.hpp
[13.269s] -- Installing: /home/ros2/ros2_ws/src/install/micro_ros_msgs/include/micro_ros_msgs/micro_ros_msgs/msg/entity.hpp
[13.269s] -- Installing: /home/ros2/ros2_ws/src/install/micro_ros_msgs/include/micro_ros_msgs/micro_ros_msgs/msg/graph.hpp
[13.269s] -- Up-to-date: /home/ros2/ros2_ws/src/install/micro_ros_msgs/include/micro_ros_msgs/micro_ros_msgs
[13.273s] -- Up-to-date: /home/ros2/ros2_ws/src/install/micro_ros_msgs/include/micro_ros_msgs/micro_ros_msgs/msg
[13.278s] -- Up-to-date: /home/ros2/ros2_ws/src/install/micro_ros_msgs/include/micro_ros_msgs/micro_ros_msgs/msg/detail
[13.279s] -- Installing: /home/ros2/ros2_ws/src/install/micro_ros_msgs/include/micro_ros_msgs/micro_ros_msgs/msg/detail/entity__rosidl_typesupport_fastrtps_cpp.hpp
[13.280s] -- Installing: /home/ros2/ros2_ws/src/install/micro_ros_msgs/include/micro_ros_msgs/micro_ros_msgs/msg/detail/dds_fastrtps
[13.280s] -- Installing: /home/ros2/ros2_ws/src/install/micro_ros_msgs/include/micro_ros_msgs/micro_ros_msgs/msg/detail/graph__rosidl_typesupport_fastrtps_cpp.hpp
[13.281s] -- Installing: /home/ros2/ros2_ws/src/install/micro_ros_msgs/include/micro_ros_msgs/micro_ros_msgs/msg/detail/node__rosidl_typesupport_fastrtps_cpp.hpp
[13.282s] -- Installing: /home/ros2/ros2_ws/src/install/micro_ros_msgs/include/micro_ros_msgs/micro_ros_msgs/msg/rosidl_typesupport_fastrtps_cpp__visibility_control.h
[13.283s] -- Installing: /home/ros2/ros2_ws/src/install/micro_ros_msgs/lib/libmicro_ros_msgs__rosidl_typesupport_fastrtps_cpp.so
[13.284s] -- Set runtime path of "/home/ros2/ros2_ws/src/install/micro_ros_msgs/lib/libmicro_ros_msgs__rosidl_typesupport_fastrtps_cpp.so" to ""
[13.284s] -- Up-to-date: /home/ros2/ros2_ws/src/install/micro_ros_msgs/include/micro_ros_msgs/micro_ros_msgs
[13.285s] -- Up-to-date: /home/ros2/ros2_ws/src/install/micro_ros_msgs/include/micro_ros_msgs/micro_ros_msgs/msg
[13.286s] -- Up-to-date: /home/ros2/ros2_ws/src/install/micro_ros_msgs/include/micro_ros_msgs/micro_ros_msgs/msg/detail
[13.287s] -- Installing: /home/ros2/ros2_ws/src/install/micro_ros_msgs/include/micro_ros_msgs/micro_ros_msgs/msg/detail/entity__rosidl_typesupport_introspection_cpp.hpp
[13.287s] -- Installing: /home/ros2/ros2_ws/src/install/micro_ros_msgs/include/micro_ros_msgs/micro_ros_msgs/msg/detail/node__type_support.cpp
[13.288s] -- Installing: /home/ros2/ros2_ws/src/install/micro_ros_msgs/include/micro_ros_msgs/micro_ros_msgs/msg/detail/entity__type_support.cpp
[13.289s] -- Installing: /home/ros2/ros2_ws/src/install/micro_ros_msgs/include/micro_ros_msgs/micro_ros_msgs/msg/detail/graph__rosidl_typesupport_introspection_cpp.hpp
[13.289s] -- Installing: /home/ros2/ros2_ws/src/install/micro_ros_msgs/include/micro_ros_msgs/micro_ros_msgs/msg/detail/graph__type_support.cpp
[13.293s] -- Installing: /home/ros2/ros2_ws/src/install/micro_ros_msgs/include/micro_ros_msgs/micro_ros_msgs/msg/detail/node__rosidl_typesupport_introspection_cpp.hpp
[13.293s] -- Installing: /home/ros2/ros2_ws/src/install/micro_ros_msgs/lib/libmicro_ros_msgs__rosidl_typesupport_introspection_cpp.so
[13.293s] -- Set runtime path of "/home/ros2/ros2_ws/src/install/micro_ros_msgs/lib/libmicro_ros_msgs__rosidl_typesupport_introspection_cpp.so" to ""
[13.293s] -- Installing: /home/ros2/ros2_ws/src/install/micro_ros_msgs/lib/libmicro_ros_msgs__rosidl_typesupport_cpp.so
[13.293s] -- Set runtime path of "/home/ros2/ros2_ws/src/install/micro_ros_msgs/lib/libmicro_ros_msgs__rosidl_typesupport_cpp.so" to ""
[13.293s] -- Installing: /home/ros2/ros2_ws/src/install/micro_ros_msgs/share/micro_ros_msgs/environment/pythonpath.sh
[13.294s] -- Installing: /home/ros2/ros2_ws/src/install/micro_ros_msgs/share/micro_ros_msgs/environment/pythonpath.dsv
[13.294s] -- Installing: /home/ros2/ros2_ws/src/install/micro_ros_msgs/local/lib/python3.10/dist-packages/micro_ros_msgs-3.0.1-py3.10.egg-info
[13.294s] -- Installing: /home/ros2/ros2_ws/src/install/micro_ros_msgs/local/lib/python3.10/dist-packages/micro_ros_msgs-3.0.1-py3.10.egg-info/dependency_links.txt
[13.294s] -- Installing: /home/ros2/ros2_ws/src/install/micro_ros_msgs/local/lib/python3.10/dist-packages/micro_ros_msgs-3.0.1-py3.10.egg-info/PKG-INFO
[13.294s] -- Installing: /home/ros2/ros2_ws/src/install/micro_ros_msgs/local/lib/python3.10/dist-packages/micro_ros_msgs-3.0.1-py3.10.egg-info/top_level.txt
[13.294s] -- Installing: /home/ros2/ros2_ws/src/install/micro_ros_msgs/local/lib/python3.10/dist-packages/micro_ros_msgs-3.0.1-py3.10.egg-info/SOURCES.txt
[13.294s] -- Installing: /home/ros2/ros2_ws/src/install/micro_ros_msgs/local/lib/python3.10/dist-packages/micro_ros_msgs
[13.294s] -- Installing: /home/ros2/ros2_ws/src/install/micro_ros_msgs/local/lib/python3.10/dist-packages/micro_ros_msgs/libmicro_ros_msgs__rosidl_generator_py.so
[13.295s] -- Installing: /home/ros2/ros2_ws/src/install/micro_ros_msgs/local/lib/python3.10/dist-packages/micro_ros_msgs/micro_ros_msgs_s__rosidl_typesupport_c.cpython-310-x86_64-linux-gnu.so
[13.295s] -- Installing: /home/ros2/ros2_ws/src/install/micro_ros_msgs/local/lib/python3.10/dist-packages/micro_ros_msgs/msg
[13.295s] -- Installing: /home/ros2/ros2_ws/src/install/micro_ros_msgs/local/lib/python3.10/dist-packages/micro_ros_msgs/msg/_node.py
[13.295s] -- Installing: /home/ros2/ros2_ws/src/install/micro_ros_msgs/local/lib/python3.10/dist-packages/micro_ros_msgs/msg/_entity.py
[13.295s] -- Installing: /home/ros2/ros2_ws/src/install/micro_ros_msgs/local/lib/python3.10/dist-packages/micro_ros_msgs/msg/__init__.py
[13.295s] -- Installing: /home/ros2/ros2_ws/src/install/micro_ros_msgs/local/lib/python3.10/dist-packages/micro_ros_msgs/msg/_graph.py
[13.295s] -- Installing: /home/ros2/ros2_ws/src/install/micro_ros_msgs/local/lib/python3.10/dist-packages/micro_ros_msgs/msg/_graph_s.c
[13.295s] -- Installing: /home/ros2/ros2_ws/src/install/micro_ros_msgs/local/lib/python3.10/dist-packages/micro_ros_msgs/msg/_entity_s.c
[13.296s] -- Installing: /home/ros2/ros2_ws/src/install/micro_ros_msgs/local/lib/python3.10/dist-packages/micro_ros_msgs/msg/_node_s.c
[13.296s] -- Installing: /home/ros2/ros2_ws/src/install/micro_ros_msgs/local/lib/python3.10/dist-packages/micro_ros_msgs/__init__.py
[13.296s] -- Installing: /home/ros2/ros2_ws/src/install/micro_ros_msgs/local/lib/python3.10/dist-packages/micro_ros_msgs/_micro_ros_msgs_s.ep.rosidl_typesupport_fastrtps_c.c
[13.296s] -- Installing: /home/ros2/ros2_ws/src/install/micro_ros_msgs/local/lib/python3.10/dist-packages/micro_ros_msgs/micro_ros_msgs_s__rosidl_typesupport_fastrtps_c.cpython-310-x86_64-linux-gnu.so
[13.296s] -- Installing: /home/ros2/ros2_ws/src/install/micro_ros_msgs/local/lib/python3.10/dist-packages/micro_ros_msgs/_micro_ros_msgs_s.ep.rosidl_typesupport_c.c
[13.296s] -- Installing: /home/ros2/ros2_ws/src/install/micro_ros_msgs/local/lib/python3.10/dist-packages/micro_ros_msgs/_micro_ros_msgs_s.ep.rosidl_typesupport_introspection_c.c
[13.296s] -- Installing: /home/ros2/ros2_ws/src/install/micro_ros_msgs/local/lib/python3.10/dist-packages/micro_ros_msgs/micro_ros_msgs_s__rosidl_typesupport_introspection_c.cpython-310-x86_64-linux-gnu.so
[13.328s] Listing '/home/ros2/ros2_ws/src/install/micro_ros_msgs/local/lib/python3.10/dist-packages/micro_ros_msgs'...
[13.328s] Compiling '/home/ros2/ros2_ws/src/install/micro_ros_msgs/local/lib/python3.10/dist-packages/micro_ros_msgs/__init__.py'...
[13.328s] Listing '/home/ros2/ros2_ws/src/install/micro_ros_msgs/local/lib/python3.10/dist-packages/micro_ros_msgs/msg'...
[13.328s] Compiling '/home/ros2/ros2_ws/src/install/micro_ros_msgs/local/lib/python3.10/dist-packages/micro_ros_msgs/msg/__init__.py'...
[13.328s] Compiling '/home/ros2/ros2_ws/src/install/micro_ros_msgs/local/lib/python3.10/dist-packages/micro_ros_msgs/msg/_entity.py'...
[13.328s] Compiling '/home/ros2/ros2_ws/src/install/micro_ros_msgs/local/lib/python3.10/dist-packages/micro_ros_msgs/msg/_graph.py'...
[13.329s] Compiling '/home/ros2/ros2_ws/src/install/micro_ros_msgs/local/lib/python3.10/dist-packages/micro_ros_msgs/msg/_node.py'...
[13.329s] -- Installing: /home/ros2/ros2_ws/src/install/micro_ros_msgs/local/lib/python3.10/dist-packages/micro_ros_msgs/micro_ros_msgs_s__rosidl_typesupport_fastrtps_c.cpython-310-x86_64-linux-gnu.so
[13.329s] -- Set runtime path of "/home/ros2/ros2_ws/src/install/micro_ros_msgs/local/lib/python3.10/dist-packages/micro_ros_msgs/micro_ros_msgs_s__rosidl_typesupport_fastrtps_c.cpython-310-x86_64-linux-gnu.so" to ""
[13.329s] -- Installing: /home/ros2/ros2_ws/src/install/micro_ros_msgs/local/lib/python3.10/dist-packages/micro_ros_msgs/micro_ros_msgs_s__rosidl_typesupport_introspection_c.cpython-310-x86_64-linux-gnu.so
[13.330s] -- Set runtime path of "/home/ros2/ros2_ws/src/install/micro_ros_msgs/local/lib/python3.10/dist-packages/micro_ros_msgs/micro_ros_msgs_s__rosidl_typesupport_introspection_c.cpython-310-x86_64-linux-gnu.so" to ""
[13.330s] -- Installing: /home/ros2/ros2_ws/src/install/micro_ros_msgs/local/lib/python3.10/dist-packages/micro_ros_msgs/micro_ros_msgs_s__rosidl_typesupport_c.cpython-310-x86_64-linux-gnu.so
[13.331s] -- Set runtime path of "/home/ros2/ros2_ws/src/install/micro_ros_msgs/local/lib/python3.10/dist-packages/micro_ros_msgs/micro_ros_msgs_s__rosidl_typesupport_c.cpython-310-x86_64-linux-gnu.so" to ""
[13.331s] -- Installing: /home/ros2/ros2_ws/src/install/micro_ros_msgs/lib/libmicro_ros_msgs__rosidl_generator_py.so
[13.331s] -- Set runtime path of "/home/ros2/ros2_ws/src/install/micro_ros_msgs/lib/libmicro_ros_msgs__rosidl_generator_py.so" to ""
[13.331s] -- Installing: /home/ros2/ros2_ws/src/install/micro_ros_msgs/share/micro_ros_msgs/msg/Graph.idl
[13.332s] -- Installing: /home/ros2/ros2_ws/src/install/micro_ros_msgs/share/micro_ros_msgs/msg/Node.idl
[13.332s] -- Installing: /home/ros2/ros2_ws/src/install/micro_ros_msgs/share/micro_ros_msgs/msg/Entity.idl
[13.332s] -- Installing: /home/ros2/ros2_ws/src/install/micro_ros_msgs/share/micro_ros_msgs/msg/Graph.msg
[13.332s] -- Installing: /home/ros2/ros2_ws/src/install/micro_ros_msgs/share/micro_ros_msgs/msg/Node.msg
[13.332s] -- Installing: /home/ros2/ros2_ws/src/install/micro_ros_msgs/share/micro_ros_msgs/msg/Entity.msg
[13.333s] -- Installing: /home/ros2/ros2_ws/src/install/micro_ros_msgs/share/ament_index/resource_index/package_run_dependencies/micro_ros_msgs
[13.333s] -- Installing: /home/ros2/ros2_ws/src/install/micro_ros_msgs/share/ament_index/resource_index/parent_prefix_path/micro_ros_msgs
[13.333s] -- Installing: /home/ros2/ros2_ws/src/install/micro_ros_msgs/share/micro_ros_msgs/environment/ament_prefix_path.sh
[13.333s] -- Installing: /home/ros2/ros2_ws/src/install/micro_ros_msgs/share/micro_ros_msgs/environment/ament_prefix_path.dsv
[13.333s] -- Installing: /home/ros2/ros2_ws/src/install/micro_ros_msgs/share/micro_ros_msgs/environment/path.sh
[13.334s] -- Installing: /home/ros2/ros2_ws/src/install/micro_ros_msgs/share/micro_ros_msgs/environment/path.dsv
[13.334s] -- Installing: /home/ros2/ros2_ws/src/install/micro_ros_msgs/share/micro_ros_msgs/local_setup.bash
[13.334s] -- Installing: /home/ros2/ros2_ws/src/install/micro_ros_msgs/share/micro_ros_msgs/local_setup.sh
[13.335s] -- Installing: /home/ros2/ros2_ws/src/install/micro_ros_msgs/share/micro_ros_msgs/local_setup.zsh
[13.335s] -- Installing: /home/ros2/ros2_ws/src/install/micro_ros_msgs/share/micro_ros_msgs/local_setup.dsv
[13.335s] -- Installing: /home/ros2/ros2_ws/src/install/micro_ros_msgs/share/micro_ros_msgs/package.dsv
[13.344s] -- Installing: /home/ros2/ros2_ws/src/install/micro_ros_msgs/share/ament_index/resource_index/packages/micro_ros_msgs
[13.345s] -- Installing: /home/ros2/ros2_ws/src/install/micro_ros_msgs/share/micro_ros_msgs/cmake/export_micro_ros_msgs__rosidl_generator_cExport.cmake
[13.345s] -- Installing: /home/ros2/ros2_ws/src/install/micro_ros_msgs/share/micro_ros_msgs/cmake/export_micro_ros_msgs__rosidl_generator_cExport-noconfig.cmake
[13.345s] -- Installing: /home/ros2/ros2_ws/src/install/micro_ros_msgs/share/micro_ros_msgs/cmake/export_micro_ros_msgs__rosidl_typesupport_fastrtps_cExport.cmake
[13.345s] -- Installing: /home/ros2/ros2_ws/src/install/micro_ros_msgs/share/micro_ros_msgs/cmake/export_micro_ros_msgs__rosidl_typesupport_fastrtps_cExport-noconfig.cmake
[13.345s] -- Installing: /home/ros2/ros2_ws/src/install/micro_ros_msgs/share/micro_ros_msgs/cmake/micro_ros_msgs__rosidl_typesupport_introspection_cExport.cmake
[13.346s] -- Installing: /home/ros2/ros2_ws/src/install/micro_ros_msgs/share/micro_ros_msgs/cmake/micro_ros_msgs__rosidl_typesupport_introspection_cExport-noconfig.cmake
[13.346s] -- Installing: /home/ros2/ros2_ws/src/install/micro_ros_msgs/share/micro_ros_msgs/cmake/micro_ros_msgs__rosidl_typesupport_cExport.cmake
[13.346s] -- Installing: /home/ros2/ros2_ws/src/install/micro_ros_msgs/share/micro_ros_msgs/cmake/micro_ros_msgs__rosidl_typesupport_cExport-noconfig.cmake
[13.347s] -- Installing: /home/ros2/ros2_ws/src/install/micro_ros_msgs/share/micro_ros_msgs/cmake/export_micro_ros_msgs__rosidl_generator_cppExport.cmake
[13.347s] -- Installing: /home/ros2/ros2_ws/src/install/micro_ros_msgs/share/micro_ros_msgs/cmake/export_micro_ros_msgs__rosidl_typesupport_fastrtps_cppExport.cmake
[13.347s] -- Installing: /home/ros2/ros2_ws/src/install/micro_ros_msgs/share/micro_ros_msgs/cmake/export_micro_ros_msgs__rosidl_typesupport_fastrtps_cppExport-noconfig.cmake
[13.347s] -- Installing: /home/ros2/ros2_ws/src/install/micro_ros_msgs/share/micro_ros_msgs/cmake/micro_ros_msgs__rosidl_typesupport_introspection_cppExport.cmake
[13.347s] -- Installing: /home/ros2/ros2_ws/src/install/micro_ros_msgs/share/micro_ros_msgs/cmake/micro_ros_msgs__rosidl_typesupport_introspection_cppExport-noconfig.cmake
[13.348s] -- Installing: /home/ros2/ros2_ws/src/install/micro_ros_msgs/share/micro_ros_msgs/cmake/micro_ros_msgs__rosidl_typesupport_cppExport.cmake
[13.348s] -- Installing: /home/ros2/ros2_ws/src/install/micro_ros_msgs/share/micro_ros_msgs/cmake/micro_ros_msgs__rosidl_typesupport_cppExport-noconfig.cmake
[13.348s] -- Installing: /home/ros2/ros2_ws/src/install/micro_ros_msgs/share/micro_ros_msgs/cmake/export_micro_ros_msgs__rosidl_generator_pyExport.cmake
[13.348s] -- Installing: /home/ros2/ros2_ws/src/install/micro_ros_msgs/share/micro_ros_msgs/cmake/export_micro_ros_msgs__rosidl_generator_pyExport-noconfig.cmake
[13.349s] -- Installing: /home/ros2/ros2_ws/src/install/micro_ros_msgs/share/micro_ros_msgs/cmake/rosidl_cmake-extras.cmake
[13.349s] -- Installing: /home/ros2/ros2_ws/src/install/micro_ros_msgs/share/micro_ros_msgs/cmake/ament_cmake_export_include_directories-extras.cmake
[13.350s] -- Installing: /home/ros2/ros2_ws/src/install/micro_ros_msgs/share/micro_ros_msgs/cmake/ament_cmake_export_libraries-extras.cmake
[13.351s] -- Installing: /home/ros2/ros2_ws/src/install/micro_ros_msgs/share/micro_ros_msgs/cmake/ament_cmake_export_targets-extras.cmake
[13.351s] -- Installing: /home/ros2/ros2_ws/src/install/micro_ros_msgs/share/micro_ros_msgs/cmake/rosidl_cmake_export_typesupport_targets-extras.cmake
[13.351s] -- Installing: /home/ros2/ros2_ws/src/install/micro_ros_msgs/share/micro_ros_msgs/cmake/ament_cmake_export_dependencies-extras.cmake
[13.351s] -- Installing: /home/ros2/ros2_ws/src/install/micro_ros_msgs/share/micro_ros_msgs/cmake/rosidl_cmake_export_typesupport_libraries-extras.cmake
[13.351s] -- Installing: /home/ros2/ros2_ws/src/install/micro_ros_msgs/share/micro_ros_msgs/cmake/micro_ros_msgsConfig.cmake
[13.351s] -- Installing: /home/ros2/ros2_ws/src/install/micro_ros_msgs/share/micro_ros_msgs/cmake/micro_ros_msgsConfig-version.cmake
[13.352s] -- Installing: /home/ros2/ros2_ws/src/install/micro_ros_msgs/share/micro_ros_msgs/package.xml
[13.356s] Invoked command in '/home/ros2/ros2_ws/src/build/micro_ros_msgs' returned '0': CMAKE_PREFIX_PATH=${CMAKE_PREFIX_PATH}:/home/ros2/ros2_ws/install/ros_topic_py:/home/ros2/ros2_ws/install/ros_teleop_rx_py:/home/ros2/ros2_ws/install/ros_serial_topic:/home/ros2/ros2_ws/install/ros_cv:/home/ros2/ros2_ws/install/jdcobot_100_description:/home/ros2/ros2_ws/install/jdamr_ros2_2:/home/ros2/ros2_ws/install/jdamr_ros2_1:/opt/ros/humble /usr/bin/cmake --install /home/ros2/ros2_ws/src/build/micro_ros_msgs
