[4.100s] Invoking command in '/home/ros2/ros2_ws/src/ros_cv': PYTHONPATH=/home/ros2/ros2_ws/src/build/ros_cv/prefix_override:/home/ros2/ros2_ws/src/install/ros_cv/lib/python3.10/site-packages:${PYTHONPATH} /usr/bin/python3 setup.py egg_info --egg-base ../build/ros_cv build --build-base /home/ros2/ros2_ws/src/build/ros_cv/build install --record /home/ros2/ros2_ws/src/build/ros_cv/install.log --single-version-externally-managed
[4.785s] running egg_info
[4.787s] creating ../build/ros_cv/ros_cv.egg-info
[4.787s] writing ../build/ros_cv/ros_cv.egg-info/PKG-INFO
[4.789s] writing dependency_links to ../build/ros_cv/ros_cv.egg-info/dependency_links.txt
[4.789s] writing entry points to ../build/ros_cv/ros_cv.egg-info/entry_points.txt
[4.789s] writing requirements to ../build/ros_cv/ros_cv.egg-info/requires.txt
[4.790s] writing top-level names to ../build/ros_cv/ros_cv.egg-info/top_level.txt
[4.792s] writing manifest file '../build/ros_cv/ros_cv.egg-info/SOURCES.txt'
[4.796s] reading manifest file '../build/ros_cv/ros_cv.egg-info/SOURCES.txt'
[4.805s] /usr/lib/python3/dist-packages/setuptools/command/install.py:34: SetuptoolsDeprecationWarning: setup.py install is deprecated. Use build and pip and other standards-based tools.
[4.805s]   warnings.warn(
[4.805s] writing manifest file '../build/ros_cv/ros_cv.egg-info/SOURCES.txt'
[4.806s] running build
[4.806s] running build_py
[4.806s] creating /home/ros2/ros2_ws/src/build/ros_cv/build
[4.807s] creating /home/ros2/ros2_ws/src/build/ros_cv/build/lib
[4.807s] creating /home/ros2/ros2_ws/src/build/ros_cv/build/lib/ros_cv
[4.807s] copying ros_cv/cam_pub.py -> /home/ros2/ros2_ws/src/build/ros_cv/build/lib/ros_cv
[4.807s] copying ros_cv/__init__.py -> /home/ros2/ros2_ws/src/build/ros_cv/build/lib/ros_cv
[4.807s] copying ros_cv/cam_sub.py -> /home/ros2/ros2_ws/src/build/ros_cv/build/lib/ros_cv
[4.808s] running install
[4.808s] running install_lib
[4.808s] creating /home/ros2/ros2_ws/src/install/ros_cv/lib/python3.10/site-packages/ros_cv
[4.808s] copying /home/ros2/ros2_ws/src/build/ros_cv/build/lib/ros_cv/cam_pub.py -> /home/ros2/ros2_ws/src/install/ros_cv/lib/python3.10/site-packages/ros_cv
[4.808s] copying /home/ros2/ros2_ws/src/build/ros_cv/build/lib/ros_cv/__init__.py -> /home/ros2/ros2_ws/src/install/ros_cv/lib/python3.10/site-packages/ros_cv
[4.808s] copying /home/ros2/ros2_ws/src/build/ros_cv/build/lib/ros_cv/cam_sub.py -> /home/ros2/ros2_ws/src/install/ros_cv/lib/python3.10/site-packages/ros_cv
[4.810s] byte-compiling /home/ros2/ros2_ws/src/install/ros_cv/lib/python3.10/site-packages/ros_cv/cam_pub.py to cam_pub.cpython-310.pyc
[4.813s] byte-compiling /home/ros2/ros2_ws/src/install/ros_cv/lib/python3.10/site-packages/ros_cv/__init__.py to __init__.cpython-310.pyc
[4.832s] byte-compiling /home/ros2/ros2_ws/src/install/ros_cv/lib/python3.10/site-packages/ros_cv/cam_sub.py to cam_sub.cpython-310.pyc
[4.832s] running install_data
[4.833s] creating /home/ros2/ros2_ws/src/install/ros_cv/share/ament_index
[4.833s] creating /home/ros2/ros2_ws/src/install/ros_cv/share/ament_index/resource_index
[4.833s] creating /home/ros2/ros2_ws/src/install/ros_cv/share/ament_index/resource_index/packages
[4.833s] copying resource/ros_cv -> /home/ros2/ros2_ws/src/install/ros_cv/share/ament_index/resource_index/packages
[4.834s] copying package.xml -> /home/ros2/ros2_ws/src/install/ros_cv/share/ros_cv
[4.834s] running install_egg_info
[4.839s] Copying ../build/ros_cv/ros_cv.egg-info to /home/ros2/ros2_ws/src/install/ros_cv/lib/python3.10/site-packages/ros_cv-0.0.0-py3.10.egg-info
[4.839s] running install_scripts
[4.881s] Installing cam_pub script to /home/ros2/ros2_ws/src/install/ros_cv/lib/ros_cv
[4.881s] Installing cam_sub script to /home/ros2/ros2_ws/src/install/ros_cv/lib/ros_cv
[4.884s] writing list of installed files to '/home/ros2/ros2_ws/src/build/ros_cv/install.log'
[5.846s] Invoked command in '/home/ros2/ros2_ws/src/ros_cv' returned '0': PYTHONPATH=/home/ros2/ros2_ws/src/build/ros_cv/prefix_override:/home/ros2/ros2_ws/src/install/ros_cv/lib/python3.10/site-packages:${PYTHONPATH} /usr/bin/python3 setup.py egg_info --egg-base ../build/ros_cv build --build-base /home/ros2/ros2_ws/src/build/ros_cv/build install --record /home/ros2/ros2_ws/src/build/ros_cv/install.log --single-version-externally-managed
